<?xml version="1.0" encoding="UTF-8"?>
<!-- Generated by org.testng.reporters.JUnitReportReporter -->
<testsuite hostname="XAT-LAPTOP" name="tests.NewTest" tests="1" failures="0" timestamp="18 Nov 2017 16:57:51 GMT" time="7.557" errors="0">
  <testcase name="method" time="7.557" classname="tests.NewTest"/>
</testsuite> <!-- tests.NewTest -->
