<?xml version="1.0" encoding="UTF-8"?>
<!-- Generated by org.testng.reporters.JUnitReportReporter -->
<testsuite hostname="XAT-LAPTOP" name="tests.NewTest2" tests="1" failures="0" timestamp="18 Nov 2017 16:57:51 GMT" time="6.237" errors="0">
  <testcase name="method" time="6.237" classname="tests.NewTest2"/>
</testsuite> <!-- tests.NewTest2 -->
