<?xml version="1.0" encoding="UTF-8"?>
<!-- Generated by org.testng.reporters.JUnitReportReporter -->
<testsuite hostname="XAT-LAPTOP" name="tests.NewTest2" tests="1" failures="0" timestamp="19 Nov 2017 13:02:17 GMT" time="7.723" errors="0">
  <testcase name="method" time="7.723" classname="tests.NewTest2"/>
</testsuite> <!-- tests.NewTest2 -->
