<?xml version="1.0" encoding="UTF-8"?>
<!-- Generated by org.testng.reporters.JUnitReportReporter -->
<testsuite hostname="XAT-LAPTOP" name="tests.NewTest" tests="1" failures="0" timestamp="19 Nov 2017 13:02:17 GMT" time="9.884" errors="0">
  <testcase name="method" time="9.884" classname="tests.NewTest"/>
</testsuite> <!-- tests.NewTest -->
